<?xml version="1.0" encoding="UTF-8"?>
<testng-results ignored="0" total="1" passed="1" failed="0" skipped="0">
  <reporter-output>
  </reporter-output>
  <suite started-at="2022-07-19T00:12:24 IST" name="Default suite" finished-at="2022-07-19T00:12:24 IST" duration-ms="62">
    <groups>
    </groups>
    <test started-at="2022-07-19T00:12:24 IST" name="Default test" finished-at="2022-07-19T00:12:24 IST" duration-ms="62">
      <class name="TESTINGzerodha.Testing">
        <test-method is-config="true" signature="beforeclass()[pri:0, instance:TESTINGzerodha.Testing@3e92efc3]" started-at="2022-07-19T00:12:24 IST" name="beforeclass" finished-at="2022-07-19T00:12:24 IST" duration-ms="9" status="PASS">
          <reporter-output>
          </reporter-output>
        </test-method> <!-- beforeclass -->
        <test-method is-config="true" signature="beforeMethod()[pri:0, instance:TESTINGzerodha.Testing@3e92efc3]" started-at="2022-07-19T00:12:24 IST" name="beforeMethod" finished-at="2022-07-19T00:12:24 IST" duration-ms="0" status="PASS">
          <reporter-output>
          </reporter-output>
        </test-method> <!-- beforeMethod -->
        <test-method signature="test()[pri:0, instance:TESTINGzerodha.Testing@3e92efc3]" started-at="2022-07-19T00:12:24 IST" name="test" finished-at="2022-07-19T00:12:24 IST" duration-ms="8" status="PASS">
          <reporter-output>
          </reporter-output>
        </test-method> <!-- test -->
        <test-method is-config="true" signature="aftermethod()[pri:0, instance:TESTINGzerodha.Testing@3e92efc3]" started-at="2022-07-19T00:12:24 IST" name="aftermethod" finished-at="2022-07-19T00:12:24 IST" duration-ms="0" status="PASS">
          <reporter-output>
          </reporter-output>
        </test-method> <!-- aftermethod -->
        <test-method is-config="true" signature="afterclass()[pri:0, instance:TESTINGzerodha.Testing@3e92efc3]" started-at="2022-07-19T00:12:24 IST" name="afterclass" finished-at="2022-07-19T00:12:24 IST" duration-ms="1" status="PASS">
          <reporter-output>
          </reporter-output>
        </test-method> <!-- afterclass -->
      </class> <!-- TESTINGzerodha.Testing -->
    </test> <!-- Default test -->
  </suite> <!-- Default suite -->
</testng-results>
